# JRE version: Java(TM) SE Runtime Environment (8.0_241-b07) (build 1.8.0_241-b07)
# Java VM: Java HotSpot(TM) 64-Bit Server VM (25.241-b07 mixed mode windows-amd64 compressed oops)
Heap:
 PSYoungGen      total 754688K, used 696149K [0x000000076bd00000, 0x000000079af00000, 0x00000007c0000000)
  eden space 736768K, 94% used [0x000000076bd00000,0x00000007963dd510,0x0000000798c80000)
  from space 17920K, 5% used [0x0000000799d80000,0x0000000799e78000,0x000000079af00000)
  to   space 17408K, 0% used [0x0000000798c80000,0x0000000798c80000,0x0000000799d80000)
 ParOldGen       total 187392K, used 34299K [0x00000006c3600000, 0x00000006ced00000, 0x000000076bd00000)
  object space 187392K, 18% used [0x00000006c3600000,0x00000006c577eed0,0x00000006ced00000)
 Metaspace       used 36511K, capacity 38820K, committed 39040K, reserved 1083392K
  class space    used 4662K, capacity 5681K, committed 5760K, reserved 1048576K
GC Heap History (10 events):
Event: 3.828 GC heap before
{Heap before GC invocations=16 (full 2):
 PSYoungGen      total 548864K, used 531808K [0x000000076bd00000, 0x000000078eb80000, 0x00000007c0000000)
  eden space 529408K, 100% used [0x000000076bd00000,0x000000078c200000,0x000000078c200000)
  from space 19456K, 12% used [0x000000078c200000,0x000000078c458000,0x000000078d500000)
  to   space 18944K, 0% used [0x000000078d500000,0x000000078d500000,0x000000078e780000)
 ParOldGen       total 187392K, used 29923K [0x00000006c3600000, 0x00000006ced00000, 0x000000076bd00000)
  object space 187392K, 15% used [0x00000006c3600000,0x00000006c5338ed0,0x00000006ced00000)
 Metaspace       used 35439K, capacity 37726K, committed 37888K, reserved 1081344K
  class space    used 4543K, capacity 5552K, committed 5632K, reserved 1048576K
Event: 3.831 GC heap after
Heap after GC invocations=16 (full 2):
 PSYoungGen      total 549376K, used 2432K [0x000000076bd00000, 0x000000079b100000, 0x00000007c0000000)
  eden space 530432K, 0% used [0x000000076bd00000,0x000000076bd00000,0x000000078c300000)
  from space 18944K, 12% used [0x000000078d500000,0x000000078d760000,0x000000078e780000)
  to   space 18432K, 0% used [0x000000078c300000,0x000000078c300000,0x000000078d500000)
 ParOldGen       total 187392K, used 30971K [0x00000006c3600000, 0x00000006ced00000, 0x000000076bd00000)
  object space 187392K, 16% used [0x00000006c3600000,0x00000006c543eed0,0x00000006ced00000)
 Metaspace       used 35439K, capacity 37726K, committed 37888K, reserved 1081344K
  class space    used 4543K, capacity 5552K, committed 5632K, reserved 1048576K
}
Event: 3.870 GC heap before
{Heap before GC invocations=17 (full 2):
 PSYoungGen      total 549376K, used 532864K [0x000000076bd00000, 0x000000079b100000, 0x00000007c0000000)
  eden space 530432K, 100% used [0x000000076bd00000,0x000000078c300000,0x000000078c300000)
  from space 18944K, 12% used [0x000000078d500000,0x000000078d760000,0x000000078e780000)
  to   space 18432K, 0% used [0x000000078c300000,0x000000078c300000,0x000000078d500000)
 ParOldGen       total 187392K, used 30971K [0x00000006c3600000, 0x00000006ced00000, 0x000000076bd00000)
  object space 187392K, 16% used [0x00000006c3600000,0x00000006c543eed0,0x00000006ced00000)
 Metaspace       used 35439K, capacity 37726K, committed 37888K, reserved 1081344K
  class space    used 4543K, capacity 5552K, committed 5632K, reserved 1048576K
Event: 3.871 GC heap after
Heap after GC invocations=17 (full 2):
 PSYoungGen      total 548864K, used 1952K [0x000000076bd00000, 0x000000079af00000, 0x00000007c0000000)
  eden space 530432K, 0% used [0x000000076bd00000,0x000000076bd00000,0x000000078c300000)
  from space 18432K, 10% used [0x000000078c300000,0x000000078c4e8000,0x000000078d500000)
  to   space 17920K, 0% used [0x0000000799d80000,0x0000000799d80000,0x000000079af00000)
 ParOldGen       total 187392K, used 32107K [0x00000006c3600000, 0x00000006ced00000, 0x000000076bd00000)
  object space 187392K, 17% used [0x00000006c3600000,0x00000006c555aed0,0x00000006ced00000)
 Metaspace       used 35439K, capacity 37726K, committed 37888K, reserved 1081344K
  class space    used 4543K, capacity 5552K, committed 5632K, reserved 1048576K
}
Event: 3.909 GC heap before
{Heap before GC invocations=18 (full 2):
 PSYoungGen      total 548864K, used 532384K [0x000000076bd00000, 0x000000079af00000, 0x00000007c0000000)
  eden space 530432K, 100% used [0x000000076bd00000,0x000000078c300000,0x000000078c300000)
  from space 18432K, 10% used [0x000000078c300000,0x000000078c4e8000,0x000000078d500000)
  to   space 17920K, 0% used [0x0000000799d80000,0x0000000799d80000,0x000000079af00000)
 ParOldGen       total 187392K, used 32107K [0x00000006c3600000, 0x00000006ced00000, 0x000000076bd00000)
  object space 187392K, 17% used [0x00000006c3600000,0x00000006c555aed0,0x00000006ced00000)
 Metaspace       used 35440K, capacity 37726K, committed 37888K, reserved 1081344K
  class space    used 4543K, capacity 5552K, committed 5632K, reserved 1048576K
Event: 3.911 GC heap after
Heap after GC invocations=18 (full 2):
 PSYoungGen      total 754688K, used 1984K [0x000000076bd00000, 0x000000079af00000, 0x00000007c0000000)
  eden space 736768K, 0% used [0x000000076bd00000,0x000000076bd00000,0x0000000798c80000)
  from space 17920K, 11% used [0x0000000799d80000,0x0000000799f70000,0x000000079af00000)
  to   space 17408K, 0% used [0x0000000798c80000,0x0000000798c80000,0x0000000799d80000)
 ParOldGen       total 187392K, used 32739K [0x00000006c3600000, 0x00000006ced00000, 0x000000076bd00000)
  object space 187392K, 17% used [0x00000006c3600000,0x00000006c55f8ed0,0x00000006ced00000)
 Metaspace       used 35440K, capacity 37726K, committed 37888K, reserved 1081344K
  class space    used 4543K, capacity 5552K, committed 5632K, reserved 1048576K
}
Event: 3.970 GC heap before
{Heap before GC invocations=19 (full 2):
 PSYoungGen      total 754688K, used 738752K [0x000000076bd00000, 0x000000079af00000, 0x00000007c0000000)
  eden space 736768K, 100% used [0x000000076bd00000,0x0000000798c80000,0x0000000798c80000)
  from space 17920K, 11% used [0x0000000799d80000,0x0000000799f70000,0x000000079af00000)
  to   space 17408K, 0% used [0x0000000798c80000,0x0000000798c80000,0x0000000799d80000)
 ParOldGen       total 187392K, used 32739K [0x00000006c3600000, 0x00000006ced00000, 0x000000076bd00000)
  object space 187392K, 17% used [0x00000006c3600000,0x00000006c55f8ed0,0x00000006ced00000)
 Metaspace       used 35442K, capacity 37726K, committed 37888K, reserved 1081344K
  class space    used 4543K, capacity 5552K, committed 5632K, reserved 1048576K
Event: 3.971 GC heap after
Heap after GC invocations=19 (full 2):
 PSYoungGen      total 754176K, used 1280K [0x000000076bd00000, 0x000000079af00000, 0x00000007c0000000)
  eden space 736768K, 0% used [0x000000076bd00000,0x000000076bd00000,0x0000000798c80000)
  from space 17408K, 7% used [0x0000000798c80000,0x0000000798dc0000,0x0000000799d80000)
  to   space 17920K, 0% used [0x0000000799d80000,0x0000000799d80000,0x000000079af00000)
 ParOldGen       total 187392K, used 33371K [0x00000006c3600000, 0x00000006ced00000, 0x000000076bd00000)
  object space 187392K, 17% used [0x00000006c3600000,0x00000006c5696ed0,0x00000006ced00000)
 Metaspace       used 35442K, capacity 37726K, committed 37888K, reserved 1081344K
  class space    used 4543K, capacity 5552K, committed 5632K, reserved 1048576K
}
Event: 4.001 GC heap before
{Heap before GC invocations=20 (full 2):
 PSYoungGen      total 754176K, used 738048K [0x000000076bd00000, 0x000000079af00000, 0x00000007c0000000)
  eden space 736768K, 100% used [0x000000076bd00000,0x0000000798c80000,0x0000000798c80000)
  from space 17408K, 7% used [0x0000000798c80000,0x0000000798dc0000,0x0000000799d80000)
  to   space 17920K, 0% used [0x0000000799d80000,0x0000000799d80000,0x000000079af00000)
 ParOldGen       total 187392K, used 33371K [0x00000006c3600000, 0x00000006ced00000, 0x000000076bd00000)
  object space 187392K, 17% used [0x00000006c3600000,0x00000006c5696ed0,0x00000006ced00000)
 Metaspace       used 35445K, capacity 37790K, committed 38144K, reserved 1081344K
  class space    used 4543K, capacity 5552K, committed 5632K, reserved 1048576K
Event: 4.003 GC heap after
Heap after GC invocations=20 (full 2):
 PSYoungGen      total 754688K, used 992K [0x000000076bd00000, 0x000000079af00000, 0x00000007c0000000)
  eden space 736768K, 0% used [0x000000076bd00000,0x000000076bd00000,0x0000000798c80000)
  from space 17920K, 5% used [0x0000000799d80000,0x0000000799e78000,0x000000079af00000)
  to   space 17408K, 0% used [0x0000000798c80000,0x0000000798c80000,0x0000000799d80000)
 ParOldGen       total 187392K, used 34299K [0x00000006c3600000, 0x00000006ced00000, 0x000000076bd00000)
  object space 187392K, 18% used [0x00000006c3600000,0x00000006c577eed0,0x00000006ced00000)
 Metaspace       used 35445K, capacity 37790K, committed 38144K, reserved 1081344K
  class space    used 4543K, capacity 5552K, committed 5632K, reserved 1048576K
}

