# JRE version: Java(TM) SE Runtime Environment (8.0_241-b07) (build 1.8.0_241-b07)
# Java VM: Java HotSpot(TM) 64-Bit Server VM (25.241-b07 mixed mode windows-amd64 compressed oops)
Heap:
 PSYoungGen      total 432640K, used 45208K [0x000000076bd00000, 0x0000000787680000, 0x00000007c0000000)
  eden space 413184K, 10% used [0x000000076bd00000,0x000000076e926160,0x0000000785080000)
  from space 19456K, 0% used [0x0000000785080000,0x0000000785080000,0x0000000786380000)
  to   space 16896K, 0% used [0x0000000786600000,0x0000000786600000,0x0000000787680000)
 ParOldGen       total 297984K, used 80480K [0x00000006c3600000, 0x00000006d5900000, 0x000000076bd00000)
  object space 297984K, 27% used [0x00000006c3600000,0x00000006c84980f8,0x00000006d5900000)
 Metaspace       used 44450K, capacity 46646K, committed 47104K, reserved 1089536K
  class space    used 5573K, capacity 6626K, committed 6656K, reserved 1048576K
GC Heap History (10 events):
Event: 5.083 GC heap before
{Heap before GC invocations=24 (full 2):
 PSYoungGen      total 432640K, used 413664K [0x000000076bd00000, 0x0000000787680000, 0x00000007c0000000)
  eden space 413184K, 100% used [0x000000076bd00000,0x0000000785080000,0x0000000785080000)
  from space 19456K, 2% used [0x0000000785080000,0x00000007850f8000,0x0000000786380000)
  to   space 16896K, 0% used [0x0000000786600000,0x0000000786600000,0x0000000787680000)
 ParOldGen       total 178688K, used 43169K [0x00000006c3600000, 0x00000006ce480000, 0x000000076bd00000)
  object space 178688K, 24% used [0x00000006c3600000,0x00000006c6028648,0x00000006ce480000)
 Metaspace       used 36900K, capacity 39172K, committed 39296K, reserved 1083392K
  class space    used 4681K, capacity 5713K, committed 5760K, reserved 1048576K
Event: 5.085 GC heap after
Heap after GC invocations=24 (full 2):
 PSYoungGen      total 430080K, used 480K [0x000000076bd00000, 0x0000000787680000, 0x00000007c0000000)
  eden space 413184K, 0% used [0x000000076bd00000,0x000000076bd00000,0x0000000785080000)
  from space 16896K, 2% used [0x0000000786600000,0x0000000786678000,0x0000000787680000)
  to   space 19456K, 0% used [0x0000000785080000,0x0000000785080000,0x0000000786380000)
 ParOldGen       total 178688K, used 43209K [0x00000006c3600000, 0x00000006ce480000, 0x000000076bd00000)
  object space 178688K, 24% used [0x00000006c3600000,0x00000006c6032648,0x00000006ce480000)
 Metaspace       used 36900K, capacity 39172K, committed 39296K, reserved 1083392K
  class space    used 4681K, capacity 5713K, committed 5760K, reserved 1048576K
}
Event: 5.727 GC heap before
{Heap before GC invocations=25 (full 2):
 PSYoungGen      total 430080K, used 413664K [0x000000076bd00000, 0x0000000787680000, 0x00000007c0000000)
  eden space 413184K, 100% used [0x000000076bd00000,0x0000000785080000,0x0000000785080000)
  from space 16896K, 2% used [0x0000000786600000,0x0000000786678000,0x0000000787680000)
  to   space 19456K, 0% used [0x0000000785080000,0x0000000785080000,0x0000000786380000)
 ParOldGen       total 178688K, used 43209K [0x00000006c3600000, 0x00000006ce480000, 0x000000076bd00000)
  object space 178688K, 24% used [0x00000006c3600000,0x00000006c6032648,0x00000006ce480000)
 Metaspace       used 38973K, capacity 41186K, committed 41344K, reserved 1085440K
  class space    used 4933K, capacity 5974K, committed 6016K, reserved 1048576K
Event: 5.735 GC heap after
Heap after GC invocations=25 (full 2):
 PSYoungGen      total 432640K, used 11077K [0x000000076bd00000, 0x0000000787680000, 0x00000007c0000000)
  eden space 413184K, 0% used [0x000000076bd00000,0x000000076bd00000,0x0000000785080000)
  from space 19456K, 56% used [0x0000000785080000,0x0000000785b51560,0x0000000786380000)
  to   space 16896K, 0% used [0x0000000786600000,0x0000000786600000,0x0000000787680000)
 ParOldGen       total 178688K, used 43225K [0x00000006c3600000, 0x00000006ce480000, 0x000000076bd00000)
  object space 178688K, 24% used [0x00000006c3600000,0x00000006c6036648,0x00000006ce480000)
 Metaspace       used 38973K, capacity 41186K, committed 41344K, reserved 1085440K
  class space    used 4933K, capacity 5974K, committed 6016K, reserved 1048576K
}
Event: 7.187 GC heap before
{Heap before GC invocations=26 (full 2):
 PSYoungGen      total 432640K, used 424261K [0x000000076bd00000, 0x0000000787680000, 0x00000007c0000000)
  eden space 413184K, 100% used [0x000000076bd00000,0x0000000785080000,0x0000000785080000)
  from space 19456K, 56% used [0x0000000785080000,0x0000000785b51560,0x0000000786380000)
  to   space 16896K, 0% used [0x0000000786600000,0x0000000786600000,0x0000000787680000)
 ParOldGen       total 178688K, used 43225K [0x00000006c3600000, 0x00000006ce480000, 0x000000076bd00000)
  object space 178688K, 24% used [0x00000006c3600000,0x00000006c6036648,0x00000006ce480000)
 Metaspace       used 43240K, capacity 45600K, committed 45824K, reserved 1089536K
  class space    used 5536K, capacity 6599K, committed 6656K, reserved 1048576K
Event: 7.242 GC heap after
Heap after GC invocations=26 (full 2):
 PSYoungGen      total 430080K, used 16894K [0x000000076bd00000, 0x0000000787680000, 0x00000007c0000000)
  eden space 413184K, 0% used [0x000000076bd00000,0x000000076bd00000,0x0000000785080000)
  from space 16896K, 99% used [0x0000000786600000,0x000000078767f848,0x0000000787680000)
  to   space 19456K, 0% used [0x0000000785080000,0x0000000785080000,0x0000000786380000)
 ParOldGen       total 178688K, used 122515K [0x00000006c3600000, 0x00000006ce480000, 0x000000076bd00000)
  object space 178688K, 68% used [0x00000006c3600000,0x00000006cada4c78,0x00000006ce480000)
 Metaspace       used 43240K, capacity 45600K, committed 45824K, reserved 1089536K
  class space    used 5536K, capacity 6599K, committed 6656K, reserved 1048576K
}
Event: 146.750 GC heap before
{Heap before GC invocations=27 (full 2):
 PSYoungGen      total 430080K, used 429275K [0x000000076bd00000, 0x0000000787680000, 0x00000007c0000000)
  eden space 413184K, 99% used [0x000000076bd00000,0x0000000784fb77b0,0x0000000785080000)
  from space 16896K, 99% used [0x0000000786600000,0x000000078767f848,0x0000000787680000)
  to   space 19456K, 0% used [0x0000000785080000,0x0000000785080000,0x0000000786380000)
 ParOldGen       total 178688K, used 122515K [0x00000006c3600000, 0x00000006ce480000, 0x000000076bd00000)
  object space 178688K, 68% used [0x00000006c3600000,0x00000006cada4c78,0x00000006ce480000)
 Metaspace       used 44474K, capacity 46834K, committed 47104K, reserved 1089536K
  class space    used 5582K, capacity 6638K, committed 6656K, reserved 1048576K
Event: 146.784 GC heap after
Heap after GC invocations=27 (full 2):
 PSYoungGen      total 432640K, used 19430K [0x000000076bd00000, 0x0000000787680000, 0x00000007c0000000)
  eden space 413184K, 0% used [0x000000076bd00000,0x000000076bd00000,0x0000000785080000)
  from space 19456K, 99% used [0x0000000785080000,0x0000000786379b88,0x0000000786380000)
  to   space 16896K, 0% used [0x0000000786600000,0x0000000786600000,0x0000000787680000)
 ParOldGen       total 178688K, used 143733K [0x00000006c3600000, 0x00000006ce480000, 0x000000076bd00000)
  object space 178688K, 80% used [0x00000006c3600000,0x00000006cc25d7b8,0x00000006ce480000)
 Metaspace       used 44474K, capacity 46834K, committed 47104K, reserved 1089536K
  class space    used 5582K, capacity 6638K, committed 6656K, reserved 1048576K
}
Event: 146.784 GC heap before
{Heap before GC invocations=28 (full 3):
 PSYoungGen      total 432640K, used 19430K [0x000000076bd00000, 0x0000000787680000, 0x00000007c0000000)
  eden space 413184K, 0% used [0x000000076bd00000,0x000000076bd00000,0x0000000785080000)
  from space 19456K, 99% used [0x0000000785080000,0x0000000786379b88,0x0000000786380000)
  to   space 16896K, 0% used [0x0000000786600000,0x0000000786600000,0x0000000787680000)
 ParOldGen       total 178688K, used 143733K [0x00000006c3600000, 0x00000006ce480000, 0x000000076bd00000)
  object space 178688K, 80% used [0x00000006c3600000,0x00000006cc25d7b8,0x00000006ce480000)
 Metaspace       used 44474K, capacity 46834K, committed 47104K, reserved 1089536K
  class space    used 5582K, capacity 6638K, committed 6656K, reserved 1048576K
Event: 146.920 GC heap after
Heap after GC invocations=28 (full 3):
 PSYoungGen      total 432640K, used 0K [0x000000076bd00000, 0x0000000787680000, 0x00000007c0000000)
  eden space 413184K, 0% used [0x000000076bd00000,0x000000076bd00000,0x0000000785080000)
  from space 19456K, 0% used [0x0000000785080000,0x0000000785080000,0x0000000786380000)
  to   space 16896K, 0% used [0x0000000786600000,0x0000000786600000,0x0000000787680000)
 ParOldGen       total 297984K, used 80480K [0x00000006c3600000, 0x00000006d5900000, 0x000000076bd00000)
  object space 297984K, 27% used [0x00000006c3600000,0x00000006c84980f8,0x00000006d5900000)
 Metaspace       used 44357K, capacity 46582K, committed 47104K, reserved 1089536K
  class space    used 5572K, capacity 6626K, committed 6656K, reserved 1048576K
}

